<?xml version="1.0" encoding="UTF-8"?>
<!-- Generated by org.testng.reporters.JUnitXMLReporter -->
<testsuite hostname="Rahul-PC" ignored="3" name="Test" tests="1" failures="0" timestamp="2021-08-19T14:55:33 IST" time="46.332" errors="0">
  <testcase name="Creatcontact" time="29.94" classname="com.Vtiger.Vtiger_Creat_Contact"/>
  <testcase name="creatorg" time="0.0" classname="com.Vtiger.Vtiger_Creat_Org">
    <ignored/>
  </testcase> <!-- creatorg -->
  <testcase name="@BeforeSuite setup_JDBC_Report" time="0.0" classname="genrics.BaseClass">
    <ignored/>
  </testcase> <!-- @BeforeSuite setup_JDBC_Report -->
  <testcase name="@AfterSuite setup_JDBC_Close" time="0.0" classname="genrics.BaseClass">
    <ignored/>
  </testcase> <!-- @AfterSuite setup_JDBC_Close -->
</testsuite> <!-- Test -->
