<?xml version="1.0" encoding="UTF-8"?>
<!-- Generated by org.testng.reporters.JUnitXMLReporter -->
<testsuite hostname="Rahul-PC" ignored="2" name="testRunner-2" tests="2" failures="0" timestamp="2021-08-19T12:17:43 IST" time="86.992" errors="0">
  <testcase name="creatorg" time="9.26" classname="com.Vtiger.Vtiger_Creat_Org"/>
  <testcase name="Creatcontact" time="24.543" classname="com.Vtiger.Vtiger_Creat_Contact"/>
  <testcase name="@BeforeSuite setup_JDBC_Report" time="0.0" classname="genrics.BaseClass">
    <ignored/>
  </testcase> <!-- @BeforeSuite setup_JDBC_Report -->
  <testcase name="@AfterSuite setup_JDBC_Close" time="0.0" classname="genrics.BaseClass">
    <ignored/>
  </testcase> <!-- @AfterSuite setup_JDBC_Close -->
</testsuite> <!-- testRunner-2 -->
