<?xml version="1.0" encoding="UTF-8"?>
<!-- Generated by org.testng.reporters.JUnitXMLReporter -->
<testsuite hostname="Rahul-PC" ignored="2" name="testRunner-1" tests="2" failures="0" timestamp="2021-08-19T12:17:41 IST" time="84.787" errors="0">
  <testcase name="Creatcontact" time="22.511" classname="com.Vtiger.Vtiger_Creat_Contact"/>
  <testcase name="creatorg" time="7.698" classname="com.Vtiger.Vtiger_Creat_Org"/>
  <testcase name="@BeforeSuite setup_JDBC_Report" time="0.0" classname="genrics.BaseClass">
    <ignored/>
  </testcase> <!-- @BeforeSuite setup_JDBC_Report -->
  <testcase name="@AfterSuite setup_JDBC_Close" time="0.0" classname="genrics.BaseClass">
    <ignored/>
  </testcase> <!-- @AfterSuite setup_JDBC_Close -->
</testsuite> <!-- testRunner-1 -->
