<?xml version="1.0" encoding="UTF-8"?>
<testng-results skipped="0" failed="0" ignored="3" total="4" passed="1">
  <reporter-output>
  </reporter-output>
  <suite name="Suite" duration-ms="46332" started-at="2021-08-19T14:54:47 IST" finished-at="2021-08-19T14:55:33 IST">
    <groups>
      <group name="Smoke Test">
        <method signature="Vtiger_Creat_Contact.Creatcontact()[pri:0, instance:com.Vtiger.Vtiger_Creat_Contact@1ec78b9]" name="Creatcontact" class="com.Vtiger.Vtiger_Creat_Contact"/>
      </group> <!-- Smoke Test -->
    </groups>
    <test name="Test" duration-ms="46332" started-at="2021-08-19T14:54:47 IST" finished-at="2021-08-19T14:55:33 IST">
      <class name="com.Vtiger.Vtiger_Creat_Contact">
        <test-method status="PASS" signature="setup_JDBC_Report()[pri:0, instance:com.Vtiger.Vtiger_Creat_Contact@1ec78b9]" name="setup_JDBC_Report" is-config="true" duration-ms="13" started-at="2021-08-19T14:54:47 IST" finished-at="2021-08-19T14:54:47 IST">
          <reporter-output>
          </reporter-output>
        </test-method> <!-- setup_JDBC_Report -->
        <test-method status="PASS" signature="launch_Browser()[pri:0, instance:com.Vtiger.Vtiger_Creat_Contact@1ec78b9]" name="launch_Browser" is-config="true" duration-ms="11120" started-at="2021-08-19T14:54:47 IST" finished-at="2021-08-19T14:54:58 IST">
          <reporter-output>
          </reporter-output>
        </test-method> <!-- launch_Browser -->
        <test-method status="PASS" signature="loginVtiger()[pri:0, instance:com.Vtiger.Vtiger_Creat_Contact@1ec78b9]" name="loginVtiger" is-config="true" duration-ms="4582" started-at="2021-08-19T14:54:58 IST" finished-at="2021-08-19T14:55:03 IST">
          <reporter-output>
          </reporter-output>
        </test-method> <!-- loginVtiger -->
        <test-method status="PASS" signature="Creatcontact()[pri:0, instance:com.Vtiger.Vtiger_Creat_Contact@1ec78b9]" name="Creatcontact" duration-ms="29940" started-at="2021-08-19T14:55:03 IST" finished-at="2021-08-19T14:55:33 IST">
          <reporter-output>
          </reporter-output>
        </test-method> <!-- Creatcontact -->
        <test-method status="PASS" signature="logoutVtiger()[pri:0, instance:com.Vtiger.Vtiger_Creat_Contact@1ec78b9]" name="logoutVtiger" is-config="true" duration-ms="3" started-at="2021-08-19T14:55:33 IST" finished-at="2021-08-19T14:55:33 IST">
          <reporter-output>
          </reporter-output>
        </test-method> <!-- logoutVtiger -->
        <test-method status="PASS" signature="Close_Browser()[pri:0, instance:com.Vtiger.Vtiger_Creat_Contact@1ec78b9]" name="Close_Browser" is-config="true" duration-ms="639" started-at="2021-08-19T14:55:33 IST" finished-at="2021-08-19T14:55:33 IST">
          <reporter-output>
          </reporter-output>
        </test-method> <!-- Close_Browser -->
        <test-method status="PASS" signature="setup_JDBC_Close()[pri:0, instance:com.Vtiger.Vtiger_Creat_Contact@1ec78b9]" name="setup_JDBC_Close" is-config="true" duration-ms="2" started-at="2021-08-19T14:55:33 IST" finished-at="2021-08-19T14:55:33 IST">
          <reporter-output>
          </reporter-output>
        </test-method> <!-- setup_JDBC_Close -->
      </class> <!-- com.Vtiger.Vtiger_Creat_Contact -->
    </test> <!-- Test -->
  </suite> <!-- Suite -->
</testng-results>
